<?xml version="1.0" encoding="UTF-8"?>
<!-- Generated by org.testng.reporters.JUnitXMLReporter -->
<testsuite ignored="0" hostname="LTIN192876" failures="0" tests="21" name="Default test" time="255.715" errors="0" timestamp="2024-03-04T17:08:24 IST">
  <testcase classname="TestCases.MainTestClass" name="courseSearch" time="47.859"/>
  <testcase classname="TestCases.MainTestClass" name="pageInfo" time="5.37"/>
  <testcase classname="TestCases.MainTestClass" name="languageFilter" time="0.703"/>
  <testcase classname="TestCases.MainTestClass" name="levelFilter" time="0.383"/>
  <testcase classname="TestCases.MainTestClass" name="courseResult" time="9.47"/>
  <testcase classname="TestCases.MainTestClass" name="courseRating" time="4.107"/>
  <testcase classname="TestCases.MainTestClass" name="courseDuration" time="5.119"/>
  <testcase classname="TestCases.MainTestClass" name="clearInput" time="3.197"/>
  <testcase classname="TestCases.MainTestClass" name="SendInput" time="10.558"/>
  <testcase classname="TestCases.MainTestClass" name="LanguageFilter" time="1.417"/>
  <testcase classname="TestCases.MainTestClass" name="LanguageResult" time="0.678"/>
  <testcase classname="TestCases.MainTestClass" name="ClickShowMore" time="3.223"/>
  <testcase classname="TestCases.MainTestClass" name="languagecount" time="0.0"/>
  <testcase classname="TestCases.MainTestClass" name="languagelist" time="9.345"/>
  <testcase classname="TestCases.MainTestClass" name="languageLevellist" time="0.514"/>
  <testcase classname="TestCases.MainTestClass" name="navigateHome" time="44.223"/>
  <testcase classname="TestCases.MainTestClass" name="navigateIndustry" time="44.348"/>
  <testcase classname="TestCases.MainTestClass" name="Scroll" time="3.109"/>
  <testcase classname="TestCases.MainTestClass" name="FillFormDetails" time="3.589"/>
  <testcase classname="TestCases.MainTestClass" name="SubmitForm" time="1.051"/>
  <testcase classname="TestCases.MainTestClass" name="GetErrorMsg" time="1.075"/>
</testsuite> <!-- Default test -->
