<?xml version="1.0" encoding="UTF-8"?>
<!-- Generated by org.testng.reporters.JUnitXMLReporter -->
<testsuite ignored="0" hostname="LTIN192876" failures="0" tests="21" name="chrometest" time="290.223" errors="0" timestamp="2024-03-07T15:59:00 IST">
  <testcase classname="TestCases.MainTestClass" name="courseSearch" time="18.581"/>
  <testcase classname="TestCases.MainTestClass" name="pageInfo" time="5.455"/>
  <testcase classname="TestCases.MainTestClass" name="languageFilter" time="0.755"/>
  <testcase classname="TestCases.MainTestClass" name="levelFilter" time="0.526"/>
  <testcase classname="TestCases.MainTestClass" name="courseResult" time="11.429"/>
  <testcase classname="TestCases.MainTestClass" name="courseRating" time="4.144"/>
  <testcase classname="TestCases.MainTestClass" name="courseDuration" time="7.149"/>
  <testcase classname="TestCases.MainTestClass" name="clearInput" time="3.217"/>
  <testcase classname="TestCases.MainTestClass" name="SendInput" time="10.97"/>
  <testcase classname="TestCases.MainTestClass" name="LanguageFilter" time="1.617"/>
  <testcase classname="TestCases.MainTestClass" name="LanguageResult" time="0.794"/>
  <testcase classname="TestCases.MainTestClass" name="ClickShowMore" time="3.317"/>
  <testcase classname="TestCases.MainTestClass" name="languagecount" time="0.002"/>
  <testcase classname="TestCases.MainTestClass" name="languagelist" time="10.022"/>
  <testcase classname="TestCases.MainTestClass" name="languageLevellist" time="1.082"/>
  <testcase classname="TestCases.MainTestClass" name="navigateHome" time="10.098"/>
  <testcase classname="TestCases.MainTestClass" name="navigateIndustry" time="35.434"/>
  <testcase classname="TestCases.MainTestClass" name="Scroll" time="3.083"/>
  <testcase classname="TestCases.MainTestClass" name="FillFormDetails" time="6.539"/>
  <testcase classname="TestCases.MainTestClass" name="SubmitForm" time="1.153"/>
  <testcase classname="TestCases.MainTestClass" name="GetErrorMsg" time="1.091"/>
</testsuite> <!-- chrometest -->
