<?xml version="1.0" encoding="UTF-8"?>
<!-- Generated by org.testng.reporters.JUnitXMLReporter -->
<testsuite ignored="0" hostname="LTIN192876" failures="0" tests="21" name="chrometest" time="445.44" errors="0" timestamp="2024-03-06T11:44:53 IST">
  <testcase classname="TestCases.MainTestClass" name="courseSearch" time="48.949"/>
  <testcase classname="TestCases.MainTestClass" name="pageInfo" time="5.464"/>
  <testcase classname="TestCases.MainTestClass" name="languageFilter" time="0.795"/>
  <testcase classname="TestCases.MainTestClass" name="levelFilter" time="0.498"/>
  <testcase classname="TestCases.MainTestClass" name="courseResult" time="11.486"/>
  <testcase classname="TestCases.MainTestClass" name="courseRating" time="4.141"/>
  <testcase classname="TestCases.MainTestClass" name="courseDuration" time="5.13"/>
  <testcase classname="TestCases.MainTestClass" name="clearInput" time="3.405"/>
  <testcase classname="TestCases.MainTestClass" name="SendInput" time="10.895"/>
  <testcase classname="TestCases.MainTestClass" name="LanguageFilter" time="1.546"/>
  <testcase classname="TestCases.MainTestClass" name="LanguageResult" time="0.882"/>
  <testcase classname="TestCases.MainTestClass" name="ClickShowMore" time="3.334"/>
  <testcase classname="TestCases.MainTestClass" name="languagecount" time="0.002"/>
  <testcase classname="TestCases.MainTestClass" name="languagelist" time="10.529"/>
  <testcase classname="TestCases.MainTestClass" name="languageLevellist" time="1.131"/>
  <testcase classname="TestCases.MainTestClass" name="navigateHome" time="45.552"/>
  <testcase classname="TestCases.MainTestClass" name="navigateIndustry" time="60.081"/>
  <testcase classname="TestCases.MainTestClass" name="Scroll" time="3.087"/>
  <testcase classname="TestCases.MainTestClass" name="FillFormDetails" time="5.391"/>
  <testcase classname="TestCases.MainTestClass" name="SubmitForm" time="1.093"/>
  <testcase classname="TestCases.MainTestClass" name="GetErrorMsg" time="1.118"/>
</testsuite> <!-- chrometest -->
