<?xml version="1.0" encoding="UTF-8"?>
<!-- Generated by org.testng.reporters.JUnitXMLReporter -->
<testsuite ignored="0" hostname="LTIN192876" failures="1" tests="21" name="Regression" time="272.295" errors="0" timestamp="2024-02-28T12:40:47 IST">
  <testcase classname="TestCases.MainTestClass" name="courseSearch" time="42.278"/>
  <testcase classname="TestCases.MainTestClass" name="pageInfo" time="5.197"/>
  <testcase classname="TestCases.MainTestClass" name="languageFilter" time="1.156"/>
  <testcase classname="TestCases.MainTestClass" name="levelFilter" time="0.721"/>
  <testcase classname="TestCases.MainTestClass" name="courseResult" time="13.247"/>
  <testcase classname="TestCases.MainTestClass" name="courseRating" time="4.108"/>
  <testcase classname="TestCases.MainTestClass" name="courseDuration" time="5.134"/>
  <testcase classname="TestCases.MainTestClass" name="clearInput" time="3.312"/>
  <testcase classname="TestCases.MainTestClass" name="SendInput" time="10.916"/>
  <testcase classname="TestCases.MainTestClass" name="LanguageFilter" time="1.575"/>
  <testcase classname="TestCases.MainTestClass" name="LanguageResult" time="1.65"/>
  <testcase classname="TestCases.MainTestClass" name="ClickShowMore" time="3.329"/>
  <testcase classname="TestCases.MainTestClass" name="languagecount" time="0.002"/>
  <testcase classname="TestCases.MainTestClass" name="languagelist" time="9.876"/>
  <testcase classname="TestCases.MainTestClass" name="languageLevellist" time="0.077">
    <failure type="java.lang.NullPointerException" message="Cannot invoke &amp;quot;java.util.List.add(int, Object)&amp;quot; because &amp;quot;orgLevel&amp;quot; is null">
      <![CDATA[java.lang.NullPointerException: Cannot invoke "java.util.List.add(int, Object)" because "orgLevel" is null
at PageObjects.LanguageLearnPage.getLevelList(LanguageLearnPage.java:108)
at TestCases.MainTestClass.languageLevellist(MainTestClass.java:115)
at java.base/java.util.ArrayList.forEach(ArrayList.java:1511)
... Removed 27 stack frames]]>
    </failure>
  </testcase> <!-- languageLevellist -->
  <testcase classname="TestCases.MainTestClass" name="navigateHome" time="57.585"/>
  <testcase classname="TestCases.MainTestClass" name="navigateIndustry" time="46.366"/>
  <testcase classname="TestCases.MainTestClass" name="Scroll" time="3.134"/>
  <testcase classname="TestCases.MainTestClass" name="FillFormDetails" time="4.94"/>
  <testcase classname="TestCases.MainTestClass" name="SubmitForm" time="1.11"/>
  <testcase classname="TestCases.MainTestClass" name="GetErrorMsg" time="1.072"/>
</testsuite> <!-- Regression -->
