<?xml version="1.0" encoding="UTF-8"?>
<!-- Generated by org.testng.reporters.JUnitXMLReporter -->
<testsuite ignored="15" hostname="LTIN192876" failures="0" tests="8" name="SmokeTest" time="0.937" errors="0" timestamp="2024-03-06T11:30:45 IST">
  <testcase classname="TestCases.BaseClass" name="@BeforeTest setup" time="-1.709704845585E9">
    <failure type="org.testng.TestNGException" message="
Parameter &amp;apos;os&amp;apos; is required by BeforeTest on method setup but has not been marked @Optional or defined
in C:\Users\2303752\eclipse-workspace\CourcesIdentifier\SmokeTest.xml">
      <![CDATA[org.testng.TestNGException: 
Parameter 'os' is required by BeforeTest on method setup but has not been marked @Optional or defined
in C:\Users\2303752\eclipse-workspace\CourcesIdentifier\SmokeTest.xml
... Removed 21 stack frames]]>
    </failure>
  </testcase> <!-- @BeforeTest setup -->
  <testcase classname="TestCases.BaseClass" name="@AfterTest tearDown" time="0.0">
    <skipped/>
  </testcase> <!-- @AfterTest tearDown -->
  <testcase classname="TestCases.MainTestClass" name="courseSearch" time="0.001">
    <skipped/>
  </testcase> <!-- courseSearch -->
  <testcase classname="TestCases.MainTestClass" name="pageInfo" time="0.0">
    <skipped/>
  </testcase> <!-- pageInfo -->
  <testcase classname="TestCases.MainTestClass" name="clearInput" time="0.001">
    <skipped/>
  </testcase> <!-- clearInput -->
  <testcase classname="TestCases.MainTestClass" name="SendInput" time="0.0">
    <skipped/>
  </testcase> <!-- SendInput -->
  <testcase classname="TestCases.MainTestClass" name="LanguageFilter" time="0.0">
    <skipped/>
  </testcase> <!-- LanguageFilter -->
  <testcase classname="TestCases.MainTestClass" name="LanguageResult" time="0.0">
    <skipped/>
  </testcase> <!-- LanguageResult -->
  <testcase classname="TestCases.MainTestClass" name="navigateHome" time="0.0">
    <skipped/>
  </testcase> <!-- navigateHome -->
  <testcase classname="TestCases.MainTestClass" name="navigateIndustry" time="0.0">
    <skipped/>
  </testcase> <!-- navigateIndustry -->
  <testcase classname="TestCases.MainTestClass" name="languageFilter" time="0.0">
    <ignored/>
  </testcase> <!-- languageFilter -->
  <testcase classname="TestCases.MainTestClass" name="SubmitForm" time="0.0">
    <ignored/>
  </testcase> <!-- SubmitForm -->
  <testcase classname="TestCases.MainTestClass" name="levelFilter" time="0.0">
    <ignored/>
  </testcase> <!-- levelFilter -->
  <testcase classname="TestCases.MainTestClass" name="languageLevellist" time="0.0">
    <ignored/>
  </testcase> <!-- languageLevellist -->
  <testcase classname="TestCases.MainTestClass" name="courseResult" time="0.0">
    <ignored/>
  </testcase> <!-- courseResult -->
  <testcase classname="TestCases.MainTestClass" name="FillFormDetails" time="0.0">
    <ignored/>
  </testcase> <!-- FillFormDetails -->
  <testcase classname="TestCases.BaseClass" name="@BeforeTest setup" time="0.0">
    <ignored/>
  </testcase> <!-- @BeforeTest setup -->
  <testcase classname="TestCases.MainTestClass" name="ClickShowMore" time="0.0">
    <ignored/>
  </testcase> <!-- ClickShowMore -->
  <testcase classname="TestCases.MainTestClass" name="GetErrorMsg" time="0.0">
    <ignored/>
  </testcase> <!-- GetErrorMsg -->
  <testcase classname="TestCases.MainTestClass" name="courseRating" time="0.0">
    <ignored/>
  </testcase> <!-- courseRating -->
  <testcase classname="TestCases.MainTestClass" name="Scroll" time="0.0">
    <ignored/>
  </testcase> <!-- Scroll -->
  <testcase classname="TestCases.MainTestClass" name="courseDuration" time="0.0">
    <ignored/>
  </testcase> <!-- courseDuration -->
  <testcase classname="TestCases.MainTestClass" name="languagelist" time="0.0">
    <ignored/>
  </testcase> <!-- languagelist -->
  <testcase classname="TestCases.BaseClass" name="@AfterTest tearDown" time="0.0">
    <ignored/>
  </testcase> <!-- @AfterTest tearDown -->
  <testcase classname="TestCases.MainTestClass" name="languagecount" time="0.0">
    <ignored/>
  </testcase> <!-- languagecount -->
</testsuite> <!-- SmokeTest -->
