<?xml version="1.0" encoding="UTF-8"?>
<!-- Generated by org.testng.reporters.JUnitXMLReporter -->
<testsuite ignored="0" hostname="LTIN192876" failures="0" tests="21" name="Test" time="130.65" errors="0" timestamp="2024-03-04T11:28:55 IST">
  <testcase classname="TestCases.MainTestClass" name="courseSearch" time="15.939"/>
  <testcase classname="TestCases.MainTestClass" name="pageInfo" time="5.42"/>
  <testcase classname="TestCases.MainTestClass" name="languageFilter" time="0.646"/>
  <testcase classname="TestCases.MainTestClass" name="levelFilter" time="0.38"/>
  <testcase classname="TestCases.MainTestClass" name="courseResult" time="14.071"/>
  <testcase classname="TestCases.MainTestClass" name="courseRating" time="4.091"/>
  <testcase classname="TestCases.MainTestClass" name="courseDuration" time="5.12"/>
  <testcase classname="TestCases.MainTestClass" name="clearInput" time="3.167"/>
  <testcase classname="TestCases.MainTestClass" name="SendInput" time="10.798"/>
  <testcase classname="TestCases.MainTestClass" name="LanguageFilter" time="1.471"/>
  <testcase classname="TestCases.MainTestClass" name="LanguageResult" time="2.452"/>
  <testcase classname="TestCases.MainTestClass" name="ClickShowMore" time="3.32"/>
  <testcase classname="TestCases.MainTestClass" name="languagecount" time="0.001"/>
  <testcase classname="TestCases.MainTestClass" name="languagelist" time="9.247"/>
  <testcase classname="TestCases.MainTestClass" name="languageLevellist" time="0.506"/>
  <testcase classname="TestCases.MainTestClass" name="navigateHome" time="9.047"/>
  <testcase classname="TestCases.MainTestClass" name="navigateIndustry" time="10.806"/>
  <testcase classname="TestCases.MainTestClass" name="Scroll" time="3.148"/>
  <testcase classname="TestCases.MainTestClass" name="FillFormDetails" time="4.147"/>
  <testcase classname="TestCases.MainTestClass" name="SubmitForm" time="1.16"/>
  <testcase classname="TestCases.MainTestClass" name="GetErrorMsg" time="1.036"/>
</testsuite> <!-- Test -->
