<?xml version="1.0" encoding="UTF-8"?>
<!-- Generated by org.testng.reporters.JUnitXMLReporter -->
<testsuite ignored="0" hostname="LTIN192876" failures="0" tests="21" name="chrometest" time="142.157" errors="0" timestamp="2024-03-06T14:36:19 IST">
  <testcase classname="TestCases.MainTestClass" name="courseSearch" time="15.559"/>
  <testcase classname="TestCases.MainTestClass" name="pageInfo" time="5.373"/>
  <testcase classname="TestCases.MainTestClass" name="languageFilter" time="0.576"/>
  <testcase classname="TestCases.MainTestClass" name="levelFilter" time="0.423"/>
  <testcase classname="TestCases.MainTestClass" name="courseResult" time="11.404"/>
  <testcase classname="TestCases.MainTestClass" name="courseRating" time="4.085"/>
  <testcase classname="TestCases.MainTestClass" name="courseDuration" time="5.109"/>
  <testcase classname="TestCases.MainTestClass" name="clearInput" time="3.294"/>
  <testcase classname="TestCases.MainTestClass" name="SendInput" time="11.044"/>
  <testcase classname="TestCases.MainTestClass" name="LanguageFilter" time="1.646"/>
  <testcase classname="TestCases.MainTestClass" name="LanguageResult" time="1.295"/>
  <testcase classname="TestCases.MainTestClass" name="ClickShowMore" time="3.469"/>
  <testcase classname="TestCases.MainTestClass" name="languagecount" time="0.0"/>
  <testcase classname="TestCases.MainTestClass" name="languagelist" time="10.183"/>
  <testcase classname="TestCases.MainTestClass" name="languageLevellist" time="0.94"/>
  <testcase classname="TestCases.MainTestClass" name="navigateHome" time="9.999"/>
  <testcase classname="TestCases.MainTestClass" name="navigateIndustry" time="16.441"/>
  <testcase classname="TestCases.MainTestClass" name="Scroll" time="3.192"/>
  <testcase classname="TestCases.MainTestClass" name="FillFormDetails" time="4.997"/>
  <testcase classname="TestCases.MainTestClass" name="SubmitForm" time="1.085"/>
  <testcase classname="TestCases.MainTestClass" name="GetErrorMsg" time="1.053"/>
</testsuite> <!-- chrometest -->
