<?xml version="1.0" encoding="UTF-8"?>
<!-- Generated by org.testng.reporters.JUnitXMLReporter -->
<testsuite ignored="13" hostname="LTIN192876" failures="8" tests="8" name="chrometest(failed)" time="24.051" errors="0" timestamp="2024-03-05T17:13:49 IST">
  <testcase classname="TestCases.MainTestClass" name="courseResult" time="0.085">
    <failure type="java.lang.NullPointerException" message="Cannot invoke &amp;quot;PageObjects.WebDevelopPage.CourseName()&amp;quot; because &amp;quot;this.webDevelop&amp;quot; is null">
      <![CDATA[java.lang.NullPointerException: Cannot invoke "PageObjects.WebDevelopPage.CourseName()" because "this.webDevelop" is null
at TestCases.MainTestClass.courseResult(MainTestClass.java:63)
at java.base/java.util.ArrayList.forEach(ArrayList.java:1511)
at java.base/java.util.concurrent.FutureTask.run(FutureTask.java:264)
at java.base/java.util.concurrent.ThreadPoolExecutor.runWorker(ThreadPoolExecutor.java:1136)
at java.base/java.util.concurrent.ThreadPoolExecutor$Worker.run(ThreadPoolExecutor.java:635)
at java.base/java.lang.Thread.run(Thread.java:840)
... Removed 17 stack frames]]>
    </failure>
  </testcase> <!-- courseResult -->
  <testcase classname="TestCases.MainTestClass" name="languagelist" time="0.027">
    <failure type="java.lang.NullPointerException" message="Cannot invoke &amp;quot;PageObjects.LanguageLearnPage.getLanguageList()&amp;quot; because &amp;quot;this.language&amp;quot; is null">
      <![CDATA[java.lang.NullPointerException: Cannot invoke "PageObjects.LanguageLearnPage.getLanguageList()" because "this.language" is null
at TestCases.MainTestClass.languagelist(MainTestClass.java:117)
at java.base/java.util.ArrayList.forEach(ArrayList.java:1511)
at java.base/java.util.concurrent.FutureTask.run(FutureTask.java:264)
at java.base/java.util.concurrent.ThreadPoolExecutor.runWorker(ThreadPoolExecutor.java:1136)
at java.base/java.util.concurrent.ThreadPoolExecutor$Worker.run(ThreadPoolExecutor.java:635)
at java.base/java.lang.Thread.run(Thread.java:840)
... Removed 17 stack frames]]>
    </failure>
  </testcase> <!-- languagelist -->
  <testcase classname="TestCases.MainTestClass" name="languageLevellist" time="0.003">
    <failure type="java.lang.NullPointerException" message="Cannot invoke &amp;quot;PageObjects.LanguageLearnPage.getLevelList()&amp;quot; because &amp;quot;this.language&amp;quot; is null">
      <![CDATA[java.lang.NullPointerException: Cannot invoke "PageObjects.LanguageLearnPage.getLevelList()" because "this.language" is null
at TestCases.MainTestClass.languageLevellist(MainTestClass.java:123)
at java.base/java.util.ArrayList.forEach(ArrayList.java:1511)
at java.base/java.util.concurrent.FutureTask.run(FutureTask.java:264)
at java.base/java.util.concurrent.ThreadPoolExecutor.runWorker(ThreadPoolExecutor.java:1136)
at java.base/java.util.concurrent.ThreadPoolExecutor$Worker.run(ThreadPoolExecutor.java:635)
at java.base/java.lang.Thread.run(Thread.java:840)
... Removed 17 stack frames]]>
    </failure>
  </testcase> <!-- languageLevellist -->
  <testcase classname="TestCases.MainTestClass" name="navigateHome" time="0.002">
    <failure type="java.lang.NullPointerException" message="Cannot invoke &amp;quot;PageObjects.LanguageLearnPage.getHomePage()&amp;quot; because &amp;quot;this.language&amp;quot; is null">
      <![CDATA[java.lang.NullPointerException: Cannot invoke "PageObjects.LanguageLearnPage.getHomePage()" because "this.language" is null
at TestCases.MainTestClass.navigateHome(MainTestClass.java:129)
at java.base/java.util.ArrayList.forEach(ArrayList.java:1511)
at java.base/java.util.concurrent.FutureTask.run(FutureTask.java:264)
at java.base/java.util.concurrent.ThreadPoolExecutor.runWorker(ThreadPoolExecutor.java:1136)
at java.base/java.util.concurrent.ThreadPoolExecutor$Worker.run(ThreadPoolExecutor.java:635)
at java.base/java.lang.Thread.run(Thread.java:840)
... Removed 17 stack frames]]>
    </failure>
  </testcase> <!-- navigateHome -->
  <testcase classname="TestCases.MainTestClass" name="Scroll" time="3.04">
    <failure type="java.lang.NullPointerException" message="Cannot invoke &amp;quot;PageObjects.ForEnterprise.scrollDown()&amp;quot; because &amp;quot;this.Industry&amp;quot; is null">
      <![CDATA[java.lang.NullPointerException: Cannot invoke "PageObjects.ForEnterprise.scrollDown()" because "this.Industry" is null
at TestCases.MainTestClass.Scroll(MainTestClass.java:145)
at java.base/java.util.ArrayList.forEach(ArrayList.java:1511)
at java.base/java.util.concurrent.FutureTask.run(FutureTask.java:264)
at java.base/java.util.concurrent.ThreadPoolExecutor.runWorker(ThreadPoolExecutor.java:1136)
at java.base/java.util.concurrent.ThreadPoolExecutor$Worker.run(ThreadPoolExecutor.java:635)
at java.base/java.lang.Thread.run(Thread.java:840)
... Removed 17 stack frames]]>
    </failure>
  </testcase> <!-- Scroll -->
  <testcase classname="TestCases.MainTestClass" name="FillFormDetails" time="3.591">
    <failure type="java.lang.NullPointerException" message="Cannot invoke &amp;quot;PageObjects.ForEnterprise.FillForm(String, String, String, String, String)&amp;quot; because &amp;quot;this.Industry&amp;quot; is null">
      <![CDATA[java.lang.NullPointerException: Cannot invoke "PageObjects.ForEnterprise.FillForm(String, String, String, String, String)" because "this.Industry" is null
at TestCases.MainTestClass.FillFormDetails(MainTestClass.java:160)
at java.base/java.util.ArrayList.forEach(ArrayList.java:1511)
at java.base/java.util.concurrent.FutureTask.run(FutureTask.java:264)
at java.base/java.util.concurrent.ThreadPoolExecutor.runWorker(ThreadPoolExecutor.java:1136)
at java.base/java.util.concurrent.ThreadPoolExecutor$Worker.run(ThreadPoolExecutor.java:635)
at java.base/java.lang.Thread.run(Thread.java:840)
... Removed 17 stack frames]]>
    </failure>
  </testcase> <!-- FillFormDetails -->
  <testcase classname="TestCases.MainTestClass" name="SubmitForm" time="1.01">
    <failure type="java.lang.NullPointerException" message="Cannot invoke &amp;quot;PageObjects.ForEnterprise.submitForm()&amp;quot; because &amp;quot;this.Industry&amp;quot; is null">
      <![CDATA[java.lang.NullPointerException: Cannot invoke "PageObjects.ForEnterprise.submitForm()" because "this.Industry" is null
at TestCases.MainTestClass.SubmitForm(MainTestClass.java:168)
at java.base/java.util.ArrayList.forEach(ArrayList.java:1511)
at java.base/java.util.concurrent.FutureTask.run(FutureTask.java:264)
at java.base/java.util.concurrent.ThreadPoolExecutor.runWorker(ThreadPoolExecutor.java:1136)
at java.base/java.util.concurrent.ThreadPoolExecutor$Worker.run(ThreadPoolExecutor.java:635)
at java.base/java.lang.Thread.run(Thread.java:840)
... Removed 17 stack frames]]>
    </failure>
  </testcase> <!-- SubmitForm -->
  <testcase classname="TestCases.MainTestClass" name="GetErrorMsg" time="1.007">
    <failure type="java.lang.NullPointerException" message="Cannot invoke &amp;quot;PageObjects.ForEnterprise.getErrorMessage()&amp;quot; because &amp;quot;this.Industry&amp;quot; is null">
      <![CDATA[java.lang.NullPointerException: Cannot invoke "PageObjects.ForEnterprise.getErrorMessage()" because "this.Industry" is null
at TestCases.MainTestClass.GetErrorMsg(MainTestClass.java:175)
at java.base/java.util.ArrayList.forEach(ArrayList.java:1511)
at java.base/java.util.concurrent.FutureTask.run(FutureTask.java:264)
at java.base/java.util.concurrent.ThreadPoolExecutor.runWorker(ThreadPoolExecutor.java:1136)
at java.base/java.util.concurrent.ThreadPoolExecutor$Worker.run(ThreadPoolExecutor.java:635)
at java.base/java.lang.Thread.run(Thread.java:840)
... Removed 17 stack frames]]>
    </failure>
  </testcase> <!-- GetErrorMsg -->
  <testcase classname="TestCases.MainTestClass" name="courseRating" time="0.0">
    <ignored/>
  </testcase> <!-- courseRating -->
  <testcase classname="TestCases.MainTestClass" name="languagecount" time="0.0">
    <ignored/>
  </testcase> <!-- languagecount -->
  <testcase classname="TestCases.MainTestClass" name="LanguageFilter" time="0.0">
    <ignored/>
  </testcase> <!-- LanguageFilter -->
  <testcase classname="TestCases.MainTestClass" name="clearInput" time="0.0">
    <ignored/>
  </testcase> <!-- clearInput -->
  <testcase classname="TestCases.MainTestClass" name="pageInfo" time="0.0">
    <ignored/>
  </testcase> <!-- pageInfo -->
  <testcase classname="TestCases.MainTestClass" name="ClickShowMore" time="0.0">
    <ignored/>
  </testcase> <!-- ClickShowMore -->
  <testcase classname="TestCases.MainTestClass" name="courseDuration" time="0.0">
    <ignored/>
  </testcase> <!-- courseDuration -->
  <testcase classname="TestCases.MainTestClass" name="SendInput" time="0.0">
    <ignored/>
  </testcase> <!-- SendInput -->
  <testcase classname="TestCases.MainTestClass" name="languageFilter" time="0.0">
    <ignored/>
  </testcase> <!-- languageFilter -->
  <testcase classname="TestCases.MainTestClass" name="LanguageResult" time="0.0">
    <ignored/>
  </testcase> <!-- LanguageResult -->
  <testcase classname="TestCases.MainTestClass" name="navigateIndustry" time="0.0">
    <ignored/>
  </testcase> <!-- navigateIndustry -->
  <testcase classname="TestCases.MainTestClass" name="levelFilter" time="0.0">
    <ignored/>
  </testcase> <!-- levelFilter -->
  <testcase classname="TestCases.MainTestClass" name="courseSearch" time="0.0">
    <ignored/>
  </testcase> <!-- courseSearch -->
</testsuite> <!-- chrometest(failed) -->
