<?xml version="1.0" encoding="UTF-8"?>
<testng-results ignored="0" total="21" passed="20" failed="1" skipped="0">
  <reporter-output>
  </reporter-output>
  <suite started-at="2024-03-07T13:27:38 IST" name="Suite" finished-at="2024-03-07T13:30:05 IST" duration-ms="146676">
    <groups>
      <group name="Regression">
        <method signature="MainTestClass.courseSearch()[pri:1, instance:TestCases.MainTestClass@33065d67]" name="courseSearch" class="TestCases.MainTestClass"/>
        <method signature="MainTestClass.pageInfo()[pri:2, instance:TestCases.MainTestClass@33065d67]" name="pageInfo" class="TestCases.MainTestClass"/>
        <method signature="MainTestClass.languageFilter()[pri:3, instance:TestCases.MainTestClass@33065d67]" name="languageFilter" class="TestCases.MainTestClass"/>
        <method signature="MainTestClass.levelFilter()[pri:4, instance:TestCases.MainTestClass@33065d67]" name="levelFilter" class="TestCases.MainTestClass"/>
        <method signature="MainTestClass.courseResult()[pri:5, instance:TestCases.MainTestClass@33065d67]" name="courseResult" class="TestCases.MainTestClass"/>
        <method signature="MainTestClass.courseRating()[pri:6, instance:TestCases.MainTestClass@33065d67]" name="courseRating" class="TestCases.MainTestClass"/>
        <method signature="MainTestClass.courseDuration()[pri:7, instance:TestCases.MainTestClass@33065d67]" name="courseDuration" class="TestCases.MainTestClass"/>
        <method signature="MainTestClass.clearInput()[pri:8, instance:TestCases.MainTestClass@33065d67]" name="clearInput" class="TestCases.MainTestClass"/>
        <method signature="MainTestClass.SendInput()[pri:9, instance:TestCases.MainTestClass@33065d67]" name="SendInput" class="TestCases.MainTestClass"/>
        <method signature="MainTestClass.LanguageFilter()[pri:10, instance:TestCases.MainTestClass@33065d67]" name="LanguageFilter" class="TestCases.MainTestClass"/>
        <method signature="MainTestClass.LanguageResult()[pri:11, instance:TestCases.MainTestClass@33065d67]" name="LanguageResult" class="TestCases.MainTestClass"/>
        <method signature="MainTestClass.ClickShowMore()[pri:12, instance:TestCases.MainTestClass@33065d67]" name="ClickShowMore" class="TestCases.MainTestClass"/>
        <method signature="MainTestClass.languagecount()[pri:13, instance:TestCases.MainTestClass@33065d67]" name="languagecount" class="TestCases.MainTestClass"/>
        <method signature="MainTestClass.languagelist()[pri:14, instance:TestCases.MainTestClass@33065d67]" name="languagelist" class="TestCases.MainTestClass"/>
        <method signature="MainTestClass.languageLevellist()[pri:15, instance:TestCases.MainTestClass@33065d67]" name="languageLevellist" class="TestCases.MainTestClass"/>
        <method signature="MainTestClass.navigateHome()[pri:16, instance:TestCases.MainTestClass@33065d67]" name="navigateHome" class="TestCases.MainTestClass"/>
        <method signature="MainTestClass.navigateIndustry()[pri:17, instance:TestCases.MainTestClass@33065d67]" name="navigateIndustry" class="TestCases.MainTestClass"/>
        <method signature="MainTestClass.Scroll()[pri:18, instance:TestCases.MainTestClass@33065d67]" name="Scroll" class="TestCases.MainTestClass"/>
        <method signature="MainTestClass.FillFormDetails()[pri:19, instance:TestCases.MainTestClass@33065d67]" name="FillFormDetails" class="TestCases.MainTestClass"/>
        <method signature="MainTestClass.SubmitForm()[pri:20, instance:TestCases.MainTestClass@33065d67]" name="SubmitForm" class="TestCases.MainTestClass"/>
        <method signature="MainTestClass.GetErrorMsg()[pri:21, instance:TestCases.MainTestClass@33065d67]" name="GetErrorMsg" class="TestCases.MainTestClass"/>
      </group> <!-- Regression -->
      <group name="Smoke">
        <method signature="MainTestClass.courseSearch()[pri:1, instance:TestCases.MainTestClass@33065d67]" name="courseSearch" class="TestCases.MainTestClass"/>
        <method signature="MainTestClass.pageInfo()[pri:2, instance:TestCases.MainTestClass@33065d67]" name="pageInfo" class="TestCases.MainTestClass"/>
        <method signature="MainTestClass.clearInput()[pri:8, instance:TestCases.MainTestClass@33065d67]" name="clearInput" class="TestCases.MainTestClass"/>
        <method signature="MainTestClass.SendInput()[pri:9, instance:TestCases.MainTestClass@33065d67]" name="SendInput" class="TestCases.MainTestClass"/>
        <method signature="MainTestClass.LanguageFilter()[pri:10, instance:TestCases.MainTestClass@33065d67]" name="LanguageFilter" class="TestCases.MainTestClass"/>
        <method signature="MainTestClass.LanguageResult()[pri:11, instance:TestCases.MainTestClass@33065d67]" name="LanguageResult" class="TestCases.MainTestClass"/>
        <method signature="MainTestClass.navigateHome()[pri:16, instance:TestCases.MainTestClass@33065d67]" name="navigateHome" class="TestCases.MainTestClass"/>
        <method signature="MainTestClass.navigateIndustry()[pri:17, instance:TestCases.MainTestClass@33065d67]" name="navigateIndustry" class="TestCases.MainTestClass"/>
      </group> <!-- Smoke -->
    </groups>
    <test started-at="2024-03-07T13:27:38 IST" name="chrometest" finished-at="2024-03-07T13:30:05 IST" duration-ms="146676">
      <class name="TestCases.MainTestClass">
        <test-method is-config="true" signature="setup(java.lang.String,java.lang.String)[pri:0, instance:TestCases.MainTestClass@33065d67]" started-at="2024-03-07T13:27:39 IST" name="setup" finished-at="2024-03-07T13:28:04 IST" duration-ms="24538" status="PASS">
          <params>
            <param index="0">
              <value>
                <![CDATA[windows]]>
              </value>
            </param>
            <param index="1">
              <value>
                <![CDATA[edge]]>
              </value>
            </param>
          </params>
          <reporter-output>
          </reporter-output>
        </test-method> <!-- setup -->
        <test-method signature="courseSearch()[pri:1, instance:TestCases.MainTestClass@33065d67]" started-at="2024-03-07T13:28:04 IST" name="courseSearch" finished-at="2024-03-07T13:28:17 IST" duration-ms="13576" status="PASS">
          <reporter-output>
          </reporter-output>
        </test-method> <!-- courseSearch -->
        <test-method signature="pageInfo()[pri:2, instance:TestCases.MainTestClass@33065d67]" started-at="2024-03-07T13:28:18 IST" name="pageInfo" finished-at="2024-03-07T13:28:23 IST" duration-ms="5399" status="PASS">
          <reporter-output>
          </reporter-output>
        </test-method> <!-- pageInfo -->
        <test-method signature="languageFilter()[pri:3, instance:TestCases.MainTestClass@33065d67]" started-at="2024-03-07T13:28:24 IST" name="languageFilter" finished-at="2024-03-07T13:28:24 IST" duration-ms="838" status="PASS">
          <reporter-output>
          </reporter-output>
        </test-method> <!-- languageFilter -->
        <test-method signature="levelFilter()[pri:4, instance:TestCases.MainTestClass@33065d67]" started-at="2024-03-07T13:28:25 IST" name="levelFilter" finished-at="2024-03-07T13:28:25 IST" duration-ms="358" status="PASS">
          <reporter-output>
          </reporter-output>
        </test-method> <!-- levelFilter -->
        <test-method signature="courseResult()[pri:5, instance:TestCases.MainTestClass@33065d67]" started-at="2024-03-07T13:28:25 IST" name="courseResult" finished-at="2024-03-07T13:28:40 IST" duration-ms="15084" status="FAIL">
          <exception class="java.lang.IndexOutOfBoundsException">
            <message>
              <![CDATA[Index 0 out of bounds for length 0]]>
            </message>
            <full-stacktrace>
              <![CDATA[java.lang.IndexOutOfBoundsException: Index 0 out of bounds for length 0
at java.base/jdk.internal.util.Preconditions.outOfBounds(Preconditions.java:64)
at java.base/jdk.internal.util.Preconditions.outOfBoundsCheckIndex(Preconditions.java:70)
at java.base/jdk.internal.util.Preconditions.checkIndex(Preconditions.java:266)
at java.base/java.util.Objects.checkIndex(Objects.java:361)
at java.base/java.util.ArrayList.get(ArrayList.java:427)
at PageObjects.WebDevelopPage.CourseName(WebDevelopPage.java:62)
at TestCases.MainTestClass.courseResult(MainTestClass.java:63)
at java.base/jdk.internal.reflect.NativeMethodAccessorImpl.invoke0(Native Method)
at java.base/jdk.internal.reflect.NativeMethodAccessorImpl.invoke(NativeMethodAccessorImpl.java:77)
at java.base/jdk.internal.reflect.DelegatingMethodAccessorImpl.invoke(DelegatingMethodAccessorImpl.java:43)
at java.base/java.lang.reflect.Method.invoke(Method.java:568)
at org.testng.internal.invokers.MethodInvocationHelper.invokeMethod(MethodInvocationHelper.java:139)
at org.testng.internal.invokers.TestInvoker.invokeMethod(TestInvoker.java:677)
at org.testng.internal.invokers.TestInvoker.invokeTestMethod(TestInvoker.java:221)
at org.testng.internal.invokers.MethodRunner.runInSequence(MethodRunner.java:50)
at org.testng.internal.invokers.TestInvoker$MethodInvocationAgent.invoke(TestInvoker.java:969)
at org.testng.internal.invokers.TestInvoker.invokeTestMethods(TestInvoker.java:194)
at org.testng.internal.invokers.TestMethodWorker.invokeTestMethods(TestMethodWorker.java:148)
at org.testng.internal.invokers.TestMethodWorker.run(TestMethodWorker.java:128)
at java.base/java.util.ArrayList.forEach(ArrayList.java:1511)
at org.testng.TestRunner.privateRun(TestRunner.java:829)
at org.testng.TestRunner.run(TestRunner.java:602)
at org.testng.SuiteRunner.runTest(SuiteRunner.java:437)
at org.testng.SuiteRunner$SuiteWorker.run(SuiteRunner.java:475)
at org.testng.internal.thread.ThreadUtil.lambda$execute$0(ThreadUtil.java:58)
at java.base/java.util.concurrent.FutureTask.run(FutureTask.java:264)
at java.base/java.util.concurrent.ThreadPoolExecutor.runWorker(ThreadPoolExecutor.java:1136)
at java.base/java.util.concurrent.ThreadPoolExecutor$Worker.run(ThreadPoolExecutor.java:635)
at java.base/java.lang.Thread.run(Thread.java:840)
]]>
            </full-stacktrace>
          </exception> <!-- java.lang.IndexOutOfBoundsException -->
          <reporter-output>
          </reporter-output>
        </test-method> <!-- courseResult -->
        <test-method signature="courseRating()[pri:6, instance:TestCases.MainTestClass@33065d67]" started-at="2024-03-07T13:28:40 IST" name="courseRating" finished-at="2024-03-07T13:28:44 IST" duration-ms="4095" status="PASS">
          <reporter-output>
          </reporter-output>
        </test-method> <!-- courseRating -->
        <test-method signature="courseDuration()[pri:7, instance:TestCases.MainTestClass@33065d67]" started-at="2024-03-07T13:28:45 IST" name="courseDuration" finished-at="2024-03-07T13:28:50 IST" duration-ms="5108" status="PASS">
          <reporter-output>
          </reporter-output>
        </test-method> <!-- courseDuration -->
        <test-method signature="clearInput()[pri:8, instance:TestCases.MainTestClass@33065d67]" started-at="2024-03-07T13:28:50 IST" name="clearInput" finished-at="2024-03-07T13:28:53 IST" duration-ms="3261" status="PASS">
          <reporter-output>
          </reporter-output>
        </test-method> <!-- clearInput -->
        <test-method signature="SendInput()[pri:9, instance:TestCases.MainTestClass@33065d67]" started-at="2024-03-07T13:28:53 IST" name="SendInput" finished-at="2024-03-07T13:29:04 IST" duration-ms="10963" status="PASS">
          <reporter-output>
          </reporter-output>
        </test-method> <!-- SendInput -->
        <test-method signature="LanguageFilter()[pri:10, instance:TestCases.MainTestClass@33065d67]" started-at="2024-03-07T13:29:05 IST" name="LanguageFilter" finished-at="2024-03-07T13:29:06 IST" duration-ms="1618" status="PASS">
          <reporter-output>
          </reporter-output>
        </test-method> <!-- LanguageFilter -->
        <test-method signature="LanguageResult()[pri:11, instance:TestCases.MainTestClass@33065d67]" started-at="2024-03-07T13:29:07 IST" name="LanguageResult" finished-at="2024-03-07T13:29:08 IST" duration-ms="1097" status="PASS">
          <reporter-output>
          </reporter-output>
        </test-method> <!-- LanguageResult -->
        <test-method signature="ClickShowMore()[pri:12, instance:TestCases.MainTestClass@33065d67]" started-at="2024-03-07T13:29:08 IST" name="ClickShowMore" finished-at="2024-03-07T13:29:11 IST" duration-ms="3305" status="PASS">
          <reporter-output>
          </reporter-output>
        </test-method> <!-- ClickShowMore -->
        <test-method signature="languagecount()[pri:13, instance:TestCases.MainTestClass@33065d67]" started-at="2024-03-07T13:29:11 IST" name="languagecount" finished-at="2024-03-07T13:29:11 IST" duration-ms="1" status="PASS">
          <reporter-output>
          </reporter-output>
        </test-method> <!-- languagecount -->
        <test-method signature="languagelist()[pri:14, instance:TestCases.MainTestClass@33065d67]" started-at="2024-03-07T13:29:12 IST" name="languagelist" finished-at="2024-03-07T13:29:25 IST" duration-ms="13701" status="PASS">
          <reporter-output>
          </reporter-output>
        </test-method> <!-- languagelist -->
        <test-method signature="languageLevellist()[pri:15, instance:TestCases.MainTestClass@33065d67]" started-at="2024-03-07T13:29:26 IST" name="languageLevellist" finished-at="2024-03-07T13:29:26 IST" duration-ms="695" status="PASS">
          <reporter-output>
          </reporter-output>
        </test-method> <!-- languageLevellist -->
        <test-method signature="navigateHome()[pri:16, instance:TestCases.MainTestClass@33065d67]" started-at="2024-03-07T13:29:27 IST" name="navigateHome" finished-at="2024-03-07T13:29:39 IST" duration-ms="11922" status="PASS">
          <reporter-output>
          </reporter-output>
        </test-method> <!-- navigateHome -->
        <test-method signature="navigateIndustry()[pri:17, instance:TestCases.MainTestClass@33065d67]" started-at="2024-03-07T13:29:39 IST" name="navigateIndustry" finished-at="2024-03-07T13:29:51 IST" duration-ms="12194" status="PASS">
          <reporter-output>
          </reporter-output>
        </test-method> <!-- navigateIndustry -->
        <test-method signature="Scroll()[pri:18, instance:TestCases.MainTestClass@33065d67]" started-at="2024-03-07T13:29:51 IST" name="Scroll" finished-at="2024-03-07T13:29:55 IST" duration-ms="3090" status="PASS">
          <reporter-output>
          </reporter-output>
        </test-method> <!-- Scroll -->
        <test-method signature="FillFormDetails()[pri:19, instance:TestCases.MainTestClass@33065d67]" started-at="2024-03-07T13:29:55 IST" name="FillFormDetails" finished-at="2024-03-07T13:30:01 IST" duration-ms="5570" status="PASS">
          <reporter-output>
          </reporter-output>
        </test-method> <!-- FillFormDetails -->
        <test-method signature="SubmitForm()[pri:20, instance:TestCases.MainTestClass@33065d67]" started-at="2024-03-07T13:30:01 IST" name="SubmitForm" finished-at="2024-03-07T13:30:02 IST" duration-ms="1122" status="PASS">
          <reporter-output>
          </reporter-output>
        </test-method> <!-- SubmitForm -->
        <test-method signature="GetErrorMsg()[pri:21, instance:TestCases.MainTestClass@33065d67]" started-at="2024-03-07T13:30:02 IST" name="GetErrorMsg" finished-at="2024-03-07T13:30:03 IST" duration-ms="1068" status="PASS">
          <reporter-output>
          </reporter-output>
        </test-method> <!-- GetErrorMsg -->
        <test-method is-config="true" signature="tearDown()[pri:0, instance:TestCases.MainTestClass@33065d67]" started-at="2024-03-07T13:30:04 IST" name="tearDown" finished-at="2024-03-07T13:30:05 IST" duration-ms="1509" status="PASS">
          <reporter-output>
          </reporter-output>
        </test-method> <!-- tearDown -->
      </class> <!-- TestCases.MainTestClass -->
    </test> <!-- chrometest -->
  </suite> <!-- Suite -->
</testng-results>
