<?xml version="1.0" encoding="UTF-8"?>
<testsuite xmlns:xsi="http://www.w3.org/2001/XMLSchema-instance" xsi:noNamespaceSchemaLocation="https://maven.apache.org/surefire/maven-surefire-plugin/xsd/surefire-test-report-3.0.xsd" version="3.0" name="TestSuite" time="119.739" tests="21" errors="0" skipped="0" failures="0">
  <properties>
[...]
</properties>
  <testcase name="courseSearch" classname="TestCases.MainTestClass" time="13.372">
    <system-err><![CDATA[Mar 07, 2024 2:39:45 PM org.openqa.selenium.devtools.CdpVersionFinder findNearestMatch
WARNING: Unable to find an exact match for CDP version 122, returning the closest version; found: 121; Please update to a Selenium version that supports CDP version 122
]]></system-err>
  </testcase>
  <testcase name="pageInfo" classname="TestCases.MainTestClass" time="5.24">
    <system-out><![CDATA[1,048 results for "web development courses"
]]></system-out>
  </testcase>
  <testcase name="languageFilter" classname="TestCases.MainTestClass" time="0.397"/>
  <testcase name="levelFilter" classname="TestCases.MainTestClass" time="0.264"/>
  <testcase name="courseResult" classname="TestCases.MainTestClass" time="9.354">
    <system-out><![CDATA[Python for Data Science, AI & Development
Meta Front-End Developer
Python for Data Science, AI & Development
Meta Front-End Developer
Introduction to Web Development
IBM Full Stack Software Developer
Introduction to Web Development with HTML, CSS, JavaScript
Introduction to Front-End Development
Learn JavaScript
Introduction to HTML5
Introduction to Back-End Development
Learn HTML and CSS
IBM Data Analyst
Internet History, Technology, and Security
]]></system-out>
  </testcase>
  <testcase name="courseRating" classname="TestCases.MainTestClass" time="4.075">
    <system-out><![CDATA[4.6
4.7
]]></system-out>
  </testcase>
  <testcase name="courseDuration" classname="TestCases.MainTestClass" time="5.074">
    <system-out><![CDATA[12
Beginner · Course · 1 - 3 Months
Beginner · Professional Certificate · 3 - 6 Months
 1 - 3 Months
 3 - 6 Months
]]></system-out>
  </testcase>
  <testcase name="clearInput" classname="TestCases.MainTestClass" time="3.126"/>
  <testcase name="SendInput" classname="TestCases.MainTestClass" time="10.487"/>
  <testcase name="LanguageFilter" classname="TestCases.MainTestClass" time="1.389"/>
  <testcase name="LanguageResult" classname="TestCases.MainTestClass" time="1.052">
    <system-out><![CDATA[212 results for "Language Learning"
]]></system-out>
  </testcase>
  <testcase name="ClickShowMore" classname="TestCases.MainTestClass" time="3.239"/>
  <testcase name="languagecount" classname="TestCases.MainTestClass" time="0.002">
    <system-out><![CDATA[38
]]></system-out>
  </testcase>
  <testcase name="languagelist" classname="TestCases.MainTestClass" time="9.114">
    <system-out><![CDATA[Chinese (China) (172)
Spanish (170)
French (159)
Japanese (159)
Korean (159)
Portuguese (Brazil) (158)
Swedish (158)
]]></system-out>
  </testcase>
  <testcase name="languageLevellist" classname="TestCases.MainTestClass" time="0.462">
    <system-out><![CDATA[30
Beginner (80)
Intermediate (75)
Advanced (7)
Mixed (50)
]]></system-out>
  </testcase>
  <testcase name="navigateHome" classname="TestCases.MainTestClass" time="8.933"/>
  <testcase name="navigateIndustry" classname="TestCases.MainTestClass" time="10.318"/>
  <testcase name="Scroll" classname="TestCases.MainTestClass" time="3.067"/>
  <testcase name="FillFormDetails" classname="TestCases.MainTestClass" time="3.768">
    <system-out><![CDATA[Dhilipdinadhilip.com8876545654developer
Form DATA Filled
]]></system-out>
  </testcase>
  <testcase name="SubmitForm" classname="TestCases.MainTestClass" time="1.068">
    <system-out><![CDATA[DataEnteres
]]></system-out>
  </testcase>
  <testcase name="GetErrorMsg" classname="TestCases.MainTestClass" time="1.054">
    <system-out><![CDATA[Must be valid email.
example@yourdomain.com
]]></system-out>
  </testcase>
</testsuite>