<?xml version="1.0" encoding="UTF-8"?>
<testng-results ignored="0" total="21" passed="21" failed="0" skipped="0">
  <reporter-output>
  </reporter-output>
  <suite started-at="2024-03-06T14:33:57 IST" name="Suite" finished-at="2024-03-06T14:36:19 IST" duration-ms="142157">
    <groups>
      <group name="Regression">
        <method signature="MainTestClass.courseSearch()[pri:1, instance:TestCases.MainTestClass@3c19aaa5]" name="courseSearch" class="TestCases.MainTestClass"/>
        <method signature="MainTestClass.pageInfo()[pri:2, instance:TestCases.MainTestClass@3c19aaa5]" name="pageInfo" class="TestCases.MainTestClass"/>
        <method signature="MainTestClass.languageFilter()[pri:3, instance:TestCases.MainTestClass@3c19aaa5]" name="languageFilter" class="TestCases.MainTestClass"/>
        <method signature="MainTestClass.levelFilter()[pri:4, instance:TestCases.MainTestClass@3c19aaa5]" name="levelFilter" class="TestCases.MainTestClass"/>
        <method signature="MainTestClass.courseResult()[pri:5, instance:TestCases.MainTestClass@3c19aaa5]" name="courseResult" class="TestCases.MainTestClass"/>
        <method signature="MainTestClass.courseRating()[pri:6, instance:TestCases.MainTestClass@3c19aaa5]" name="courseRating" class="TestCases.MainTestClass"/>
        <method signature="MainTestClass.courseDuration()[pri:7, instance:TestCases.MainTestClass@3c19aaa5]" name="courseDuration" class="TestCases.MainTestClass"/>
        <method signature="MainTestClass.clearInput()[pri:8, instance:TestCases.MainTestClass@3c19aaa5]" name="clearInput" class="TestCases.MainTestClass"/>
        <method signature="MainTestClass.SendInput()[pri:9, instance:TestCases.MainTestClass@3c19aaa5]" name="SendInput" class="TestCases.MainTestClass"/>
        <method signature="MainTestClass.LanguageFilter()[pri:10, instance:TestCases.MainTestClass@3c19aaa5]" name="LanguageFilter" class="TestCases.MainTestClass"/>
        <method signature="MainTestClass.LanguageResult()[pri:11, instance:TestCases.MainTestClass@3c19aaa5]" name="LanguageResult" class="TestCases.MainTestClass"/>
        <method signature="MainTestClass.ClickShowMore()[pri:12, instance:TestCases.MainTestClass@3c19aaa5]" name="ClickShowMore" class="TestCases.MainTestClass"/>
        <method signature="MainTestClass.languagecount()[pri:13, instance:TestCases.MainTestClass@3c19aaa5]" name="languagecount" class="TestCases.MainTestClass"/>
        <method signature="MainTestClass.languagelist()[pri:14, instance:TestCases.MainTestClass@3c19aaa5]" name="languagelist" class="TestCases.MainTestClass"/>
        <method signature="MainTestClass.languageLevellist()[pri:15, instance:TestCases.MainTestClass@3c19aaa5]" name="languageLevellist" class="TestCases.MainTestClass"/>
        <method signature="MainTestClass.navigateHome()[pri:16, instance:TestCases.MainTestClass@3c19aaa5]" name="navigateHome" class="TestCases.MainTestClass"/>
        <method signature="MainTestClass.navigateIndustry()[pri:17, instance:TestCases.MainTestClass@3c19aaa5]" name="navigateIndustry" class="TestCases.MainTestClass"/>
        <method signature="MainTestClass.Scroll()[pri:18, instance:TestCases.MainTestClass@3c19aaa5]" name="Scroll" class="TestCases.MainTestClass"/>
        <method signature="MainTestClass.FillFormDetails()[pri:19, instance:TestCases.MainTestClass@3c19aaa5]" name="FillFormDetails" class="TestCases.MainTestClass"/>
        <method signature="MainTestClass.SubmitForm()[pri:20, instance:TestCases.MainTestClass@3c19aaa5]" name="SubmitForm" class="TestCases.MainTestClass"/>
        <method signature="MainTestClass.GetErrorMsg()[pri:21, instance:TestCases.MainTestClass@3c19aaa5]" name="GetErrorMsg" class="TestCases.MainTestClass"/>
      </group> <!-- Regression -->
      <group name="Smoke">
        <method signature="MainTestClass.courseSearch()[pri:1, instance:TestCases.MainTestClass@3c19aaa5]" name="courseSearch" class="TestCases.MainTestClass"/>
        <method signature="MainTestClass.pageInfo()[pri:2, instance:TestCases.MainTestClass@3c19aaa5]" name="pageInfo" class="TestCases.MainTestClass"/>
        <method signature="MainTestClass.clearInput()[pri:8, instance:TestCases.MainTestClass@3c19aaa5]" name="clearInput" class="TestCases.MainTestClass"/>
        <method signature="MainTestClass.SendInput()[pri:9, instance:TestCases.MainTestClass@3c19aaa5]" name="SendInput" class="TestCases.MainTestClass"/>
        <method signature="MainTestClass.LanguageFilter()[pri:10, instance:TestCases.MainTestClass@3c19aaa5]" name="LanguageFilter" class="TestCases.MainTestClass"/>
        <method signature="MainTestClass.LanguageResult()[pri:11, instance:TestCases.MainTestClass@3c19aaa5]" name="LanguageResult" class="TestCases.MainTestClass"/>
        <method signature="MainTestClass.navigateHome()[pri:16, instance:TestCases.MainTestClass@3c19aaa5]" name="navigateHome" class="TestCases.MainTestClass"/>
        <method signature="MainTestClass.navigateIndustry()[pri:17, instance:TestCases.MainTestClass@3c19aaa5]" name="navigateIndustry" class="TestCases.MainTestClass"/>
      </group> <!-- Smoke -->
    </groups>
    <test started-at="2024-03-06T14:33:57 IST" name="chrometest" finished-at="2024-03-06T14:36:19 IST" duration-ms="142157">
      <class name="TestCases.MainTestClass">
        <test-method is-config="true" signature="setup(java.lang.String,java.lang.String)[pri:0, instance:TestCases.MainTestClass@3c19aaa5]" started-at="2024-03-06T14:33:57 IST" name="setup" finished-at="2024-03-06T14:34:21 IST" duration-ms="23595" status="PASS">
          <params>
            <param index="0">
              <value>
                <![CDATA[windows]]>
              </value>
            </param>
            <param index="1">
              <value>
                <![CDATA[edge]]>
              </value>
            </param>
          </params>
          <reporter-output>
          </reporter-output>
        </test-method> <!-- setup -->
        <test-method signature="courseSearch()[pri:1, instance:TestCases.MainTestClass@3c19aaa5]" started-at="2024-03-06T14:34:21 IST" name="courseSearch" finished-at="2024-03-06T14:34:37 IST" duration-ms="15559" status="PASS">
          <reporter-output>
          </reporter-output>
        </test-method> <!-- courseSearch -->
        <test-method signature="pageInfo()[pri:2, instance:TestCases.MainTestClass@3c19aaa5]" started-at="2024-03-06T14:34:37 IST" name="pageInfo" finished-at="2024-03-06T14:34:43 IST" duration-ms="5373" status="PASS">
          <reporter-output>
          </reporter-output>
        </test-method> <!-- pageInfo -->
        <test-method signature="languageFilter()[pri:3, instance:TestCases.MainTestClass@3c19aaa5]" started-at="2024-03-06T14:34:43 IST" name="languageFilter" finished-at="2024-03-06T14:34:43 IST" duration-ms="576" status="PASS">
          <reporter-output>
          </reporter-output>
        </test-method> <!-- languageFilter -->
        <test-method signature="levelFilter()[pri:4, instance:TestCases.MainTestClass@3c19aaa5]" started-at="2024-03-06T14:34:43 IST" name="levelFilter" finished-at="2024-03-06T14:34:44 IST" duration-ms="423" status="PASS">
          <reporter-output>
          </reporter-output>
        </test-method> <!-- levelFilter -->
        <test-method signature="courseResult()[pri:5, instance:TestCases.MainTestClass@3c19aaa5]" started-at="2024-03-06T14:34:44 IST" name="courseResult" finished-at="2024-03-06T14:34:55 IST" duration-ms="11404" status="PASS">
          <reporter-output>
          </reporter-output>
        </test-method> <!-- courseResult -->
        <test-method signature="courseRating()[pri:6, instance:TestCases.MainTestClass@3c19aaa5]" started-at="2024-03-06T14:34:56 IST" name="courseRating" finished-at="2024-03-06T14:35:00 IST" duration-ms="4085" status="PASS">
          <reporter-output>
          </reporter-output>
        </test-method> <!-- courseRating -->
        <test-method signature="courseDuration()[pri:7, instance:TestCases.MainTestClass@3c19aaa5]" started-at="2024-03-06T14:35:00 IST" name="courseDuration" finished-at="2024-03-06T14:35:05 IST" duration-ms="5109" status="PASS">
          <reporter-output>
          </reporter-output>
        </test-method> <!-- courseDuration -->
        <test-method signature="clearInput()[pri:8, instance:TestCases.MainTestClass@3c19aaa5]" started-at="2024-03-06T14:35:05 IST" name="clearInput" finished-at="2024-03-06T14:35:09 IST" duration-ms="3294" status="PASS">
          <reporter-output>
          </reporter-output>
        </test-method> <!-- clearInput -->
        <test-method signature="SendInput()[pri:9, instance:TestCases.MainTestClass@3c19aaa5]" started-at="2024-03-06T14:35:09 IST" name="SendInput" finished-at="2024-03-06T14:35:20 IST" duration-ms="11044" status="PASS">
          <reporter-output>
          </reporter-output>
        </test-method> <!-- SendInput -->
        <test-method signature="LanguageFilter()[pri:10, instance:TestCases.MainTestClass@3c19aaa5]" started-at="2024-03-06T14:35:20 IST" name="LanguageFilter" finished-at="2024-03-06T14:35:22 IST" duration-ms="1646" status="PASS">
          <reporter-output>
          </reporter-output>
        </test-method> <!-- LanguageFilter -->
        <test-method signature="LanguageResult()[pri:11, instance:TestCases.MainTestClass@3c19aaa5]" started-at="2024-03-06T14:35:22 IST" name="LanguageResult" finished-at="2024-03-06T14:35:23 IST" duration-ms="1295" status="PASS">
          <reporter-output>
          </reporter-output>
        </test-method> <!-- LanguageResult -->
        <test-method signature="ClickShowMore()[pri:12, instance:TestCases.MainTestClass@3c19aaa5]" started-at="2024-03-06T14:35:24 IST" name="ClickShowMore" finished-at="2024-03-06T14:35:27 IST" duration-ms="3469" status="PASS">
          <reporter-output>
          </reporter-output>
        </test-method> <!-- ClickShowMore -->
        <test-method signature="languagecount()[pri:13, instance:TestCases.MainTestClass@3c19aaa5]" started-at="2024-03-06T14:35:27 IST" name="languagecount" finished-at="2024-03-06T14:35:27 IST" duration-ms="0" status="PASS">
          <reporter-output>
          </reporter-output>
        </test-method> <!-- languagecount -->
        <test-method signature="languagelist()[pri:14, instance:TestCases.MainTestClass@3c19aaa5]" started-at="2024-03-06T14:35:28 IST" name="languagelist" finished-at="2024-03-06T14:35:38 IST" duration-ms="10183" status="PASS">
          <reporter-output>
          </reporter-output>
        </test-method> <!-- languagelist -->
        <test-method signature="languageLevellist()[pri:15, instance:TestCases.MainTestClass@3c19aaa5]" started-at="2024-03-06T14:35:38 IST" name="languageLevellist" finished-at="2024-03-06T14:35:39 IST" duration-ms="940" status="PASS">
          <reporter-output>
          </reporter-output>
        </test-method> <!-- languageLevellist -->
        <test-method signature="navigateHome()[pri:16, instance:TestCases.MainTestClass@3c19aaa5]" started-at="2024-03-06T14:35:39 IST" name="navigateHome" finished-at="2024-03-06T14:35:49 IST" duration-ms="9999" status="PASS">
          <reporter-output>
          </reporter-output>
        </test-method> <!-- navigateHome -->
        <test-method signature="navigateIndustry()[pri:17, instance:TestCases.MainTestClass@3c19aaa5]" started-at="2024-03-06T14:35:49 IST" name="navigateIndustry" finished-at="2024-03-06T14:36:06 IST" duration-ms="16441" status="PASS">
          <reporter-output>
          </reporter-output>
        </test-method> <!-- navigateIndustry -->
        <test-method signature="Scroll()[pri:18, instance:TestCases.MainTestClass@3c19aaa5]" started-at="2024-03-06T14:36:06 IST" name="Scroll" finished-at="2024-03-06T14:36:09 IST" duration-ms="3192" status="PASS">
          <reporter-output>
          </reporter-output>
        </test-method> <!-- Scroll -->
        <test-method signature="FillFormDetails()[pri:19, instance:TestCases.MainTestClass@3c19aaa5]" started-at="2024-03-06T14:36:10 IST" name="FillFormDetails" finished-at="2024-03-06T14:36:15 IST" duration-ms="4997" status="PASS">
          <reporter-output>
          </reporter-output>
        </test-method> <!-- FillFormDetails -->
        <test-method signature="SubmitForm()[pri:20, instance:TestCases.MainTestClass@3c19aaa5]" started-at="2024-03-06T14:36:15 IST" name="SubmitForm" finished-at="2024-03-06T14:36:16 IST" duration-ms="1085" status="PASS">
          <reporter-output>
          </reporter-output>
        </test-method> <!-- SubmitForm -->
        <test-method signature="GetErrorMsg()[pri:21, instance:TestCases.MainTestClass@3c19aaa5]" started-at="2024-03-06T14:36:16 IST" name="GetErrorMsg" finished-at="2024-03-06T14:36:17 IST" duration-ms="1053" status="PASS">
          <reporter-output>
          </reporter-output>
        </test-method> <!-- GetErrorMsg -->
        <test-method is-config="true" signature="tearDown()[pri:0, instance:TestCases.MainTestClass@3c19aaa5]" started-at="2024-03-06T14:36:18 IST" name="tearDown" finished-at="2024-03-06T14:36:19 IST" duration-ms="1428" status="PASS">
          <reporter-output>
          </reporter-output>
        </test-method> <!-- tearDown -->
      </class> <!-- TestCases.MainTestClass -->
    </test> <!-- chrometest -->
  </suite> <!-- Suite -->
</testng-results>
