<?xml version="1.0" encoding="UTF-8"?>
<testng-results ignored="0" total="21" passed="21" failed="0" skipped="0">
  <reporter-output>
  </reporter-output>
  <suite started-at="2024-03-07T15:54:09 IST" name="Suite" finished-at="2024-03-07T15:59:00 IST" duration-ms="290223">
    <groups>
      <group name="Regression">
        <method signature="MainTestClass.courseSearch()[pri:1, instance:TestCases.MainTestClass@196a42c3]" name="courseSearch" class="TestCases.MainTestClass"/>
        <method signature="MainTestClass.pageInfo()[pri:2, instance:TestCases.MainTestClass@196a42c3]" name="pageInfo" class="TestCases.MainTestClass"/>
        <method signature="MainTestClass.languageFilter()[pri:3, instance:TestCases.MainTestClass@196a42c3]" name="languageFilter" class="TestCases.MainTestClass"/>
        <method signature="MainTestClass.levelFilter()[pri:4, instance:TestCases.MainTestClass@196a42c3]" name="levelFilter" class="TestCases.MainTestClass"/>
        <method signature="MainTestClass.courseResult()[pri:5, instance:TestCases.MainTestClass@196a42c3]" name="courseResult" class="TestCases.MainTestClass"/>
        <method signature="MainTestClass.courseRating()[pri:6, instance:TestCases.MainTestClass@196a42c3]" name="courseRating" class="TestCases.MainTestClass"/>
        <method signature="MainTestClass.courseDuration()[pri:7, instance:TestCases.MainTestClass@196a42c3]" name="courseDuration" class="TestCases.MainTestClass"/>
        <method signature="MainTestClass.clearInput()[pri:8, instance:TestCases.MainTestClass@196a42c3]" name="clearInput" class="TestCases.MainTestClass"/>
        <method signature="MainTestClass.SendInput()[pri:9, instance:TestCases.MainTestClass@196a42c3]" name="SendInput" class="TestCases.MainTestClass"/>
        <method signature="MainTestClass.LanguageFilter()[pri:10, instance:TestCases.MainTestClass@196a42c3]" name="LanguageFilter" class="TestCases.MainTestClass"/>
        <method signature="MainTestClass.LanguageResult()[pri:11, instance:TestCases.MainTestClass@196a42c3]" name="LanguageResult" class="TestCases.MainTestClass"/>
        <method signature="MainTestClass.ClickShowMore()[pri:12, instance:TestCases.MainTestClass@196a42c3]" name="ClickShowMore" class="TestCases.MainTestClass"/>
        <method signature="MainTestClass.languagecount()[pri:13, instance:TestCases.MainTestClass@196a42c3]" name="languagecount" class="TestCases.MainTestClass"/>
        <method signature="MainTestClass.languagelist()[pri:14, instance:TestCases.MainTestClass@196a42c3]" name="languagelist" class="TestCases.MainTestClass"/>
        <method signature="MainTestClass.languageLevellist()[pri:15, instance:TestCases.MainTestClass@196a42c3]" name="languageLevellist" class="TestCases.MainTestClass"/>
        <method signature="MainTestClass.navigateHome()[pri:16, instance:TestCases.MainTestClass@196a42c3]" name="navigateHome" class="TestCases.MainTestClass"/>
        <method signature="MainTestClass.navigateIndustry()[pri:17, instance:TestCases.MainTestClass@196a42c3]" name="navigateIndustry" class="TestCases.MainTestClass"/>
        <method signature="MainTestClass.Scroll()[pri:18, instance:TestCases.MainTestClass@196a42c3]" name="Scroll" class="TestCases.MainTestClass"/>
        <method signature="MainTestClass.FillFormDetails()[pri:19, instance:TestCases.MainTestClass@196a42c3]" name="FillFormDetails" class="TestCases.MainTestClass"/>
        <method signature="MainTestClass.SubmitForm()[pri:20, instance:TestCases.MainTestClass@196a42c3]" name="SubmitForm" class="TestCases.MainTestClass"/>
        <method signature="MainTestClass.GetErrorMsg()[pri:21, instance:TestCases.MainTestClass@196a42c3]" name="GetErrorMsg" class="TestCases.MainTestClass"/>
      </group> <!-- Regression -->
      <group name="Smoke">
        <method signature="MainTestClass.courseSearch()[pri:1, instance:TestCases.MainTestClass@196a42c3]" name="courseSearch" class="TestCases.MainTestClass"/>
        <method signature="MainTestClass.pageInfo()[pri:2, instance:TestCases.MainTestClass@196a42c3]" name="pageInfo" class="TestCases.MainTestClass"/>
        <method signature="MainTestClass.clearInput()[pri:8, instance:TestCases.MainTestClass@196a42c3]" name="clearInput" class="TestCases.MainTestClass"/>
        <method signature="MainTestClass.SendInput()[pri:9, instance:TestCases.MainTestClass@196a42c3]" name="SendInput" class="TestCases.MainTestClass"/>
        <method signature="MainTestClass.LanguageFilter()[pri:10, instance:TestCases.MainTestClass@196a42c3]" name="LanguageFilter" class="TestCases.MainTestClass"/>
        <method signature="MainTestClass.LanguageResult()[pri:11, instance:TestCases.MainTestClass@196a42c3]" name="LanguageResult" class="TestCases.MainTestClass"/>
        <method signature="MainTestClass.navigateHome()[pri:16, instance:TestCases.MainTestClass@196a42c3]" name="navigateHome" class="TestCases.MainTestClass"/>
        <method signature="MainTestClass.navigateIndustry()[pri:17, instance:TestCases.MainTestClass@196a42c3]" name="navigateIndustry" class="TestCases.MainTestClass"/>
      </group> <!-- Smoke -->
    </groups>
    <test started-at="2024-03-07T15:54:09 IST" name="chrometest" finished-at="2024-03-07T15:59:00 IST" duration-ms="290223">
      <class name="TestCases.MainTestClass">
        <test-method is-config="true" signature="setup(java.lang.String,java.lang.String)[pri:0, instance:TestCases.MainTestClass@196a42c3]" started-at="2024-03-07T15:54:10 IST" name="setup" finished-at="2024-03-07T15:56:30 IST" duration-ms="139355" status="PASS">
          <params>
            <param index="0">
              <value>
                <![CDATA[windows]]>
              </value>
            </param>
            <param index="1">
              <value>
                <![CDATA[edge]]>
              </value>
            </param>
          </params>
          <reporter-output>
          </reporter-output>
        </test-method> <!-- setup -->
        <test-method signature="courseSearch()[pri:1, instance:TestCases.MainTestClass@196a42c3]" started-at="2024-03-07T15:56:30 IST" name="courseSearch" finished-at="2024-03-07T15:56:48 IST" duration-ms="18581" status="PASS">
          <reporter-output>
          </reporter-output>
        </test-method> <!-- courseSearch -->
        <test-method signature="pageInfo()[pri:2, instance:TestCases.MainTestClass@196a42c3]" started-at="2024-03-07T15:56:49 IST" name="pageInfo" finished-at="2024-03-07T15:56:54 IST" duration-ms="5455" status="PASS">
          <reporter-output>
          </reporter-output>
        </test-method> <!-- pageInfo -->
        <test-method signature="languageFilter()[pri:3, instance:TestCases.MainTestClass@196a42c3]" started-at="2024-03-07T15:56:54 IST" name="languageFilter" finished-at="2024-03-07T15:56:55 IST" duration-ms="755" status="PASS">
          <reporter-output>
          </reporter-output>
        </test-method> <!-- languageFilter -->
        <test-method signature="levelFilter()[pri:4, instance:TestCases.MainTestClass@196a42c3]" started-at="2024-03-07T15:56:55 IST" name="levelFilter" finished-at="2024-03-07T15:56:56 IST" duration-ms="526" status="PASS">
          <reporter-output>
          </reporter-output>
        </test-method> <!-- levelFilter -->
        <test-method signature="courseResult()[pri:5, instance:TestCases.MainTestClass@196a42c3]" started-at="2024-03-07T15:56:56 IST" name="courseResult" finished-at="2024-03-07T15:57:07 IST" duration-ms="11429" status="PASS">
          <reporter-output>
          </reporter-output>
        </test-method> <!-- courseResult -->
        <test-method signature="courseRating()[pri:6, instance:TestCases.MainTestClass@196a42c3]" started-at="2024-03-07T15:57:08 IST" name="courseRating" finished-at="2024-03-07T15:57:12 IST" duration-ms="4144" status="PASS">
          <reporter-output>
          </reporter-output>
        </test-method> <!-- courseRating -->
        <test-method signature="courseDuration()[pri:7, instance:TestCases.MainTestClass@196a42c3]" started-at="2024-03-07T15:57:12 IST" name="courseDuration" finished-at="2024-03-07T15:57:19 IST" duration-ms="7149" status="PASS">
          <reporter-output>
          </reporter-output>
        </test-method> <!-- courseDuration -->
        <test-method signature="clearInput()[pri:8, instance:TestCases.MainTestClass@196a42c3]" started-at="2024-03-07T15:57:19 IST" name="clearInput" finished-at="2024-03-07T15:57:23 IST" duration-ms="3217" status="PASS">
          <reporter-output>
          </reporter-output>
        </test-method> <!-- clearInput -->
        <test-method signature="SendInput()[pri:9, instance:TestCases.MainTestClass@196a42c3]" started-at="2024-03-07T15:57:23 IST" name="SendInput" finished-at="2024-03-07T15:57:34 IST" duration-ms="10970" status="PASS">
          <reporter-output>
          </reporter-output>
        </test-method> <!-- SendInput -->
        <test-method signature="LanguageFilter()[pri:10, instance:TestCases.MainTestClass@196a42c3]" started-at="2024-03-07T15:57:34 IST" name="LanguageFilter" finished-at="2024-03-07T15:57:36 IST" duration-ms="1617" status="PASS">
          <reporter-output>
          </reporter-output>
        </test-method> <!-- LanguageFilter -->
        <test-method signature="LanguageResult()[pri:11, instance:TestCases.MainTestClass@196a42c3]" started-at="2024-03-07T15:57:36 IST" name="LanguageResult" finished-at="2024-03-07T15:57:37 IST" duration-ms="794" status="PASS">
          <reporter-output>
          </reporter-output>
        </test-method> <!-- LanguageResult -->
        <test-method signature="ClickShowMore()[pri:12, instance:TestCases.MainTestClass@196a42c3]" started-at="2024-03-07T15:57:37 IST" name="ClickShowMore" finished-at="2024-03-07T15:57:40 IST" duration-ms="3317" status="PASS">
          <reporter-output>
          </reporter-output>
        </test-method> <!-- ClickShowMore -->
        <test-method signature="languagecount()[pri:13, instance:TestCases.MainTestClass@196a42c3]" started-at="2024-03-07T15:57:41 IST" name="languagecount" finished-at="2024-03-07T15:57:41 IST" duration-ms="2" status="PASS">
          <reporter-output>
          </reporter-output>
        </test-method> <!-- languagecount -->
        <test-method signature="languagelist()[pri:14, instance:TestCases.MainTestClass@196a42c3]" started-at="2024-03-07T15:57:41 IST" name="languagelist" finished-at="2024-03-07T15:57:51 IST" duration-ms="10022" status="PASS">
          <reporter-output>
          </reporter-output>
        </test-method> <!-- languagelist -->
        <test-method signature="languageLevellist()[pri:15, instance:TestCases.MainTestClass@196a42c3]" started-at="2024-03-07T15:57:51 IST" name="languageLevellist" finished-at="2024-03-07T15:57:52 IST" duration-ms="1082" status="PASS">
          <reporter-output>
          </reporter-output>
        </test-method> <!-- languageLevellist -->
        <test-method signature="navigateHome()[pri:16, instance:TestCases.MainTestClass@196a42c3]" started-at="2024-03-07T15:57:52 IST" name="navigateHome" finished-at="2024-03-07T15:58:03 IST" duration-ms="10098" status="PASS">
          <reporter-output>
          </reporter-output>
        </test-method> <!-- navigateHome -->
        <test-method signature="navigateIndustry()[pri:17, instance:TestCases.MainTestClass@196a42c3]" started-at="2024-03-07T15:58:03 IST" name="navigateIndustry" finished-at="2024-03-07T15:58:38 IST" duration-ms="35434" status="PASS">
          <reporter-output>
          </reporter-output>
        </test-method> <!-- navigateIndustry -->
        <test-method signature="Scroll()[pri:18, instance:TestCases.MainTestClass@196a42c3]" started-at="2024-03-07T15:58:39 IST" name="Scroll" finished-at="2024-03-07T15:58:42 IST" duration-ms="3083" status="PASS">
          <reporter-output>
          </reporter-output>
        </test-method> <!-- Scroll -->
        <test-method signature="FillFormDetails()[pri:19, instance:TestCases.MainTestClass@196a42c3]" started-at="2024-03-07T15:58:42 IST" name="FillFormDetails" finished-at="2024-03-07T15:58:49 IST" duration-ms="6539" status="PASS">
          <reporter-output>
          </reporter-output>
        </test-method> <!-- FillFormDetails -->
        <test-method signature="SubmitForm()[pri:20, instance:TestCases.MainTestClass@196a42c3]" started-at="2024-03-07T15:58:49 IST" name="SubmitForm" finished-at="2024-03-07T15:58:50 IST" duration-ms="1153" status="PASS">
          <reporter-output>
          </reporter-output>
        </test-method> <!-- SubmitForm -->
        <test-method signature="GetErrorMsg()[pri:21, instance:TestCases.MainTestClass@196a42c3]" started-at="2024-03-07T15:58:50 IST" name="GetErrorMsg" finished-at="2024-03-07T15:58:52 IST" duration-ms="1091" status="PASS">
          <reporter-output>
          </reporter-output>
        </test-method> <!-- GetErrorMsg -->
        <test-method is-config="true" signature="tearDown()[pri:0, instance:TestCases.MainTestClass@196a42c3]" started-at="2024-03-07T15:58:52 IST" name="tearDown" finished-at="2024-03-07T15:59:00 IST" duration-ms="7848" status="PASS">
          <reporter-output>
          </reporter-output>
        </test-method> <!-- tearDown -->
      </class> <!-- TestCases.MainTestClass -->
    </test> <!-- chrometest -->
  </suite> <!-- Suite -->
</testng-results>
