<?xml version="1.0" encoding="UTF-8"?>
<testng-results ignored="0" total="21" passed="21" failed="0" skipped="0">
  <reporter-output>
  </reporter-output>
  <suite started-at="2024-03-06T11:37:28 IST" name="Suite" finished-at="2024-03-06T11:44:53 IST" duration-ms="445440">
    <groups>
      <group name="Regression">
        <method signature="MainTestClass.courseSearch()[pri:1, instance:TestCases.MainTestClass@196a42c3]" name="courseSearch" class="TestCases.MainTestClass"/>
        <method signature="MainTestClass.pageInfo()[pri:2, instance:TestCases.MainTestClass@196a42c3]" name="pageInfo" class="TestCases.MainTestClass"/>
        <method signature="MainTestClass.languageFilter()[pri:3, instance:TestCases.MainTestClass@196a42c3]" name="languageFilter" class="TestCases.MainTestClass"/>
        <method signature="MainTestClass.levelFilter()[pri:4, instance:TestCases.MainTestClass@196a42c3]" name="levelFilter" class="TestCases.MainTestClass"/>
        <method signature="MainTestClass.courseResult()[pri:5, instance:TestCases.MainTestClass@196a42c3]" name="courseResult" class="TestCases.MainTestClass"/>
        <method signature="MainTestClass.courseRating()[pri:6, instance:TestCases.MainTestClass@196a42c3]" name="courseRating" class="TestCases.MainTestClass"/>
        <method signature="MainTestClass.courseDuration()[pri:7, instance:TestCases.MainTestClass@196a42c3]" name="courseDuration" class="TestCases.MainTestClass"/>
        <method signature="MainTestClass.clearInput()[pri:8, instance:TestCases.MainTestClass@196a42c3]" name="clearInput" class="TestCases.MainTestClass"/>
        <method signature="MainTestClass.SendInput()[pri:9, instance:TestCases.MainTestClass@196a42c3]" name="SendInput" class="TestCases.MainTestClass"/>
        <method signature="MainTestClass.LanguageFilter()[pri:10, instance:TestCases.MainTestClass@196a42c3]" name="LanguageFilter" class="TestCases.MainTestClass"/>
        <method signature="MainTestClass.LanguageResult()[pri:11, instance:TestCases.MainTestClass@196a42c3]" name="LanguageResult" class="TestCases.MainTestClass"/>
        <method signature="MainTestClass.ClickShowMore()[pri:12, instance:TestCases.MainTestClass@196a42c3]" name="ClickShowMore" class="TestCases.MainTestClass"/>
        <method signature="MainTestClass.languagecount()[pri:13, instance:TestCases.MainTestClass@196a42c3]" name="languagecount" class="TestCases.MainTestClass"/>
        <method signature="MainTestClass.languagelist()[pri:14, instance:TestCases.MainTestClass@196a42c3]" name="languagelist" class="TestCases.MainTestClass"/>
        <method signature="MainTestClass.languageLevellist()[pri:15, instance:TestCases.MainTestClass@196a42c3]" name="languageLevellist" class="TestCases.MainTestClass"/>
        <method signature="MainTestClass.navigateHome()[pri:16, instance:TestCases.MainTestClass@196a42c3]" name="navigateHome" class="TestCases.MainTestClass"/>
        <method signature="MainTestClass.navigateIndustry()[pri:17, instance:TestCases.MainTestClass@196a42c3]" name="navigateIndustry" class="TestCases.MainTestClass"/>
        <method signature="MainTestClass.Scroll()[pri:18, instance:TestCases.MainTestClass@196a42c3]" name="Scroll" class="TestCases.MainTestClass"/>
        <method signature="MainTestClass.FillFormDetails()[pri:19, instance:TestCases.MainTestClass@196a42c3]" name="FillFormDetails" class="TestCases.MainTestClass"/>
        <method signature="MainTestClass.SubmitForm()[pri:20, instance:TestCases.MainTestClass@196a42c3]" name="SubmitForm" class="TestCases.MainTestClass"/>
        <method signature="MainTestClass.GetErrorMsg()[pri:21, instance:TestCases.MainTestClass@196a42c3]" name="GetErrorMsg" class="TestCases.MainTestClass"/>
      </group> <!-- Regression -->
      <group name="Smoke">
        <method signature="MainTestClass.courseSearch()[pri:1, instance:TestCases.MainTestClass@196a42c3]" name="courseSearch" class="TestCases.MainTestClass"/>
        <method signature="MainTestClass.pageInfo()[pri:2, instance:TestCases.MainTestClass@196a42c3]" name="pageInfo" class="TestCases.MainTestClass"/>
        <method signature="MainTestClass.clearInput()[pri:8, instance:TestCases.MainTestClass@196a42c3]" name="clearInput" class="TestCases.MainTestClass"/>
        <method signature="MainTestClass.SendInput()[pri:9, instance:TestCases.MainTestClass@196a42c3]" name="SendInput" class="TestCases.MainTestClass"/>
        <method signature="MainTestClass.LanguageFilter()[pri:10, instance:TestCases.MainTestClass@196a42c3]" name="LanguageFilter" class="TestCases.MainTestClass"/>
        <method signature="MainTestClass.LanguageResult()[pri:11, instance:TestCases.MainTestClass@196a42c3]" name="LanguageResult" class="TestCases.MainTestClass"/>
        <method signature="MainTestClass.navigateHome()[pri:16, instance:TestCases.MainTestClass@196a42c3]" name="navigateHome" class="TestCases.MainTestClass"/>
        <method signature="MainTestClass.navigateIndustry()[pri:17, instance:TestCases.MainTestClass@196a42c3]" name="navigateIndustry" class="TestCases.MainTestClass"/>
      </group> <!-- Smoke -->
    </groups>
    <test started-at="2024-03-06T11:37:28 IST" name="chrometest" finished-at="2024-03-06T11:44:53 IST" duration-ms="445440">
      <class name="TestCases.MainTestClass">
        <test-method is-config="true" signature="setup(java.lang.String,java.lang.String)[pri:0, instance:TestCases.MainTestClass@196a42c3]" started-at="2024-03-06T11:37:29 IST" name="setup" finished-at="2024-03-06T11:40:55 IST" duration-ms="206131" status="PASS">
          <params>
            <param index="0">
              <value>
                <![CDATA[windows]]>
              </value>
            </param>
            <param index="1">
              <value>
                <![CDATA[edge]]>
              </value>
            </param>
          </params>
          <reporter-output>
          </reporter-output>
        </test-method> <!-- setup -->
        <test-method signature="courseSearch()[pri:1, instance:TestCases.MainTestClass@196a42c3]" started-at="2024-03-06T11:40:55 IST" name="courseSearch" finished-at="2024-03-06T11:41:44 IST" duration-ms="48949" status="PASS">
          <reporter-output>
          </reporter-output>
        </test-method> <!-- courseSearch -->
        <test-method signature="pageInfo()[pri:2, instance:TestCases.MainTestClass@196a42c3]" started-at="2024-03-06T11:41:44 IST" name="pageInfo" finished-at="2024-03-06T11:41:50 IST" duration-ms="5464" status="PASS">
          <reporter-output>
          </reporter-output>
        </test-method> <!-- pageInfo -->
        <test-method signature="languageFilter()[pri:3, instance:TestCases.MainTestClass@196a42c3]" started-at="2024-03-06T11:41:50 IST" name="languageFilter" finished-at="2024-03-06T11:41:51 IST" duration-ms="795" status="PASS">
          <reporter-output>
          </reporter-output>
        </test-method> <!-- languageFilter -->
        <test-method signature="levelFilter()[pri:4, instance:TestCases.MainTestClass@196a42c3]" started-at="2024-03-06T11:41:51 IST" name="levelFilter" finished-at="2024-03-06T11:41:52 IST" duration-ms="498" status="PASS">
          <reporter-output>
          </reporter-output>
        </test-method> <!-- levelFilter -->
        <test-method signature="courseResult()[pri:5, instance:TestCases.MainTestClass@196a42c3]" started-at="2024-03-06T11:41:52 IST" name="courseResult" finished-at="2024-03-06T11:42:03 IST" duration-ms="11486" status="PASS">
          <reporter-output>
          </reporter-output>
        </test-method> <!-- courseResult -->
        <test-method signature="courseRating()[pri:6, instance:TestCases.MainTestClass@196a42c3]" started-at="2024-03-06T11:42:04 IST" name="courseRating" finished-at="2024-03-06T11:42:08 IST" duration-ms="4141" status="PASS">
          <reporter-output>
          </reporter-output>
        </test-method> <!-- courseRating -->
        <test-method signature="courseDuration()[pri:7, instance:TestCases.MainTestClass@196a42c3]" started-at="2024-03-06T11:42:08 IST" name="courseDuration" finished-at="2024-03-06T11:42:13 IST" duration-ms="5130" status="PASS">
          <reporter-output>
          </reporter-output>
        </test-method> <!-- courseDuration -->
        <test-method signature="clearInput()[pri:8, instance:TestCases.MainTestClass@196a42c3]" started-at="2024-03-06T11:42:13 IST" name="clearInput" finished-at="2024-03-06T11:42:17 IST" duration-ms="3405" status="PASS">
          <reporter-output>
          </reporter-output>
        </test-method> <!-- clearInput -->
        <test-method signature="SendInput()[pri:9, instance:TestCases.MainTestClass@196a42c3]" started-at="2024-03-06T11:42:17 IST" name="SendInput" finished-at="2024-03-06T11:42:28 IST" duration-ms="10895" status="PASS">
          <reporter-output>
          </reporter-output>
        </test-method> <!-- SendInput -->
        <test-method signature="LanguageFilter()[pri:10, instance:TestCases.MainTestClass@196a42c3]" started-at="2024-03-06T11:42:28 IST" name="LanguageFilter" finished-at="2024-03-06T11:42:30 IST" duration-ms="1546" status="PASS">
          <reporter-output>
          </reporter-output>
        </test-method> <!-- LanguageFilter -->
        <test-method signature="LanguageResult()[pri:11, instance:TestCases.MainTestClass@196a42c3]" started-at="2024-03-06T11:42:30 IST" name="LanguageResult" finished-at="2024-03-06T11:42:31 IST" duration-ms="882" status="PASS">
          <reporter-output>
          </reporter-output>
        </test-method> <!-- LanguageResult -->
        <test-method signature="ClickShowMore()[pri:12, instance:TestCases.MainTestClass@196a42c3]" started-at="2024-03-06T11:42:31 IST" name="ClickShowMore" finished-at="2024-03-06T11:42:35 IST" duration-ms="3334" status="PASS">
          <reporter-output>
          </reporter-output>
        </test-method> <!-- ClickShowMore -->
        <test-method signature="languagecount()[pri:13, instance:TestCases.MainTestClass@196a42c3]" started-at="2024-03-06T11:42:35 IST" name="languagecount" finished-at="2024-03-06T11:42:35 IST" duration-ms="2" status="PASS">
          <reporter-output>
          </reporter-output>
        </test-method> <!-- languagecount -->
        <test-method signature="languagelist()[pri:14, instance:TestCases.MainTestClass@196a42c3]" started-at="2024-03-06T11:42:35 IST" name="languagelist" finished-at="2024-03-06T11:42:46 IST" duration-ms="10529" status="PASS">
          <reporter-output>
          </reporter-output>
        </test-method> <!-- languagelist -->
        <test-method signature="languageLevellist()[pri:15, instance:TestCases.MainTestClass@196a42c3]" started-at="2024-03-06T11:42:46 IST" name="languageLevellist" finished-at="2024-03-06T11:42:47 IST" duration-ms="1131" status="PASS">
          <reporter-output>
          </reporter-output>
        </test-method> <!-- languageLevellist -->
        <test-method signature="navigateHome()[pri:16, instance:TestCases.MainTestClass@196a42c3]" started-at="2024-03-06T11:42:47 IST" name="navigateHome" finished-at="2024-03-06T11:43:33 IST" duration-ms="45552" status="PASS">
          <reporter-output>
          </reporter-output>
        </test-method> <!-- navigateHome -->
        <test-method signature="navigateIndustry()[pri:17, instance:TestCases.MainTestClass@196a42c3]" started-at="2024-03-06T11:43:33 IST" name="navigateIndustry" finished-at="2024-03-06T11:44:33 IST" duration-ms="60081" status="PASS">
          <reporter-output>
          </reporter-output>
        </test-method> <!-- navigateIndustry -->
        <test-method signature="Scroll()[pri:18, instance:TestCases.MainTestClass@196a42c3]" started-at="2024-03-06T11:44:34 IST" name="Scroll" finished-at="2024-03-06T11:44:37 IST" duration-ms="3087" status="PASS">
          <reporter-output>
          </reporter-output>
        </test-method> <!-- Scroll -->
        <test-method signature="FillFormDetails()[pri:19, instance:TestCases.MainTestClass@196a42c3]" started-at="2024-03-06T11:44:37 IST" name="FillFormDetails" finished-at="2024-03-06T11:44:43 IST" duration-ms="5391" status="PASS">
          <reporter-output>
          </reporter-output>
        </test-method> <!-- FillFormDetails -->
        <test-method signature="SubmitForm()[pri:20, instance:TestCases.MainTestClass@196a42c3]" started-at="2024-03-06T11:44:43 IST" name="SubmitForm" finished-at="2024-03-06T11:44:44 IST" duration-ms="1093" status="PASS">
          <reporter-output>
          </reporter-output>
        </test-method> <!-- SubmitForm -->
        <test-method signature="GetErrorMsg()[pri:21, instance:TestCases.MainTestClass@196a42c3]" started-at="2024-03-06T11:44:44 IST" name="GetErrorMsg" finished-at="2024-03-06T11:44:45 IST" duration-ms="1118" status="PASS">
          <reporter-output>
          </reporter-output>
        </test-method> <!-- GetErrorMsg -->
        <test-method is-config="true" signature="tearDown()[pri:0, instance:TestCases.MainTestClass@196a42c3]" started-at="2024-03-06T11:44:46 IST" name="tearDown" finished-at="2024-03-06T11:44:53 IST" duration-ms="7557" status="PASS">
          <reporter-output>
          </reporter-output>
        </test-method> <!-- tearDown -->
      </class> <!-- TestCases.MainTestClass -->
    </test> <!-- chrometest -->
  </suite> <!-- Suite -->
</testng-results>
